2025-06-12 22:56:40,645 - INFO - Twitter API v1.1 initialized successfully
2025-06-12 22:56:40,655 - INFO - Loaded trusted list from cache
2025-06-12 22:56:40,656 - INFO - Starting Twitter bot...
2025-06-12 22:56:40,656 - INFO - Opening authorization URL: https://twitter.com/i/oauth2/authorize?response_type=code&client_id=MDJFRFlJdjFDbWNGcFFpRHg1WFU6MTpjaQ&redirect_uri=https%3A%2F%2F0.0.0.0%3A3000%2Fauth%2Ftwitter%2Fcallback&scope=tweet.read+tweet.write+users.read+offline.access&state=B7kPAveJviqDDrX2kD3PDuXXkb8iXp&code_challenge=q41iu0IxQ2tOjhpDO-7n0fAquksfv2eoMIEIJ9bsnzc&code_challenge_method=S256
2025-06-12 22:56:40,666 - INFO - Waiting for OAuth callback...
2025-06-12 22:56:53,701 - ERROR - Failed to start stream: (insecure_transport) OAuth 2 MUST utilize https.
2025-06-12 22:56:53,701 - ERROR - Bot crashed: (insecure_transport) OAuth 2 MUST utilize https.. Restarting in 60 seconds...
2025-06-12 22:57:53,701 - INFO - Starting Twitter bot...
2025-06-12 22:57:53,702 - INFO - Opening authorization URL: https://twitter.com/i/oauth2/authorize?response_type=code&client_id=MDJFRFlJdjFDbWNGcFFpRHg1WFU6MTpjaQ&redirect_uri=https%3A%2F%2F0.0.0.0%3A3000%2Fauth%2Ftwitter%2Fcallback&scope=tweet.read+tweet.write+users.read+offline.access&state=RCNqHKrAASjA6hAmFCDqa2cCnSmEEr&code_challenge=W2BwpXZqyAGLYf3199HjVLADU9VQLZCcCq39IyUn_6s&code_challenge_method=S256
2025-06-12 22:57:53,704 - INFO - Waiting for OAuth callback...
2025-06-12 22:58:24,697 - ERROR - Failed to start stream: (insecure_transport) OAuth 2 MUST utilize https.
2025-06-12 22:58:24,697 - ERROR - Bot crashed: (insecure_transport) OAuth 2 MUST utilize https.. Restarting in 60 seconds...
2025-06-12 22:59:24,697 - INFO - Starting Twitter bot...
2025-06-12 22:59:24,698 - INFO - Opening authorization URL: https://twitter.com/i/oauth2/authorize?response_type=code&client_id=MDJFRFlJdjFDbWNGcFFpRHg1WFU6MTpjaQ&redirect_uri=https%3A%2F%2F0.0.0.0%3A3000%2Fauth%2Ftwitter%2Fcallback&scope=tweet.read+tweet.write+users.read+offline.access&state=BS7TClDy167M4FDpNHx5Ymiwzu9U8Q&code_challenge=d5CoWNoHCqImKi_rCHMrcgKeClxksy3Fv5328mLmeYA&code_challenge_method=S256
2025-06-12 22:59:24,699 - INFO - Waiting for OAuth callback...
2025-06-12 23:00:03,141 - ERROR - Failed to start stream: (insecure_transport) OAuth 2 MUST utilize https.
2025-06-12 23:00:03,141 - ERROR - Bot crashed: (insecure_transport) OAuth 2 MUST utilize https.. Restarting in 60 seconds...
2025-06-12 23:01:03,141 - INFO - Starting Twitter bot...
2025-06-12 23:01:03,142 - INFO - Opening authorization URL: https://twitter.com/i/oauth2/authorize?response_type=code&client_id=MDJFRFlJdjFDbWNGcFFpRHg1WFU6MTpjaQ&redirect_uri=https%3A%2F%2F0.0.0.0%3A3000%2Fauth%2Ftwitter%2Fcallback&scope=tweet.read+tweet.write+users.read+offline.access&state=Yz4dY2qdg8dx0L8zTdzqzcRSdUfvmv&code_challenge=Aoc_qxcUHhFjxtFfeWRAB6cAfRyhDm3uC8QtTQQHbC8&code_challenge_method=S256
2025-06-12 23:01:03,144 - INFO - Waiting for OAuth callback...
2025-06-12 23:01:15,814 - ERROR - Failed to start stream: (insecure_transport) OAuth 2 MUST utilize https.
2025-06-12 23:01:15,814 - ERROR - Bot crashed: (insecure_transport) OAuth 2 MUST utilize https.. Restarting in 60 seconds...
2025-06-12 23:02:15,815 - INFO - Starting Twitter bot...
2025-06-12 23:02:15,815 - INFO - Opening authorization URL: https://twitter.com/i/oauth2/authorize?response_type=code&client_id=MDJFRFlJdjFDbWNGcFFpRHg1WFU6MTpjaQ&redirect_uri=https%3A%2F%2F0.0.0.0%3A3000%2Fauth%2Ftwitter%2Fcallback&scope=tweet.read+tweet.write+users.read+offline.access&state=7PLn8D0qjIn85b2rhCWUNB2EyFAO7B&code_challenge=g4oFVIgcCMzI8QEzF2_WHW40L33Ok9J5dbYa0_cSm2Y&code_challenge_method=S256
2025-06-12 23:02:15,817 - INFO - Waiting for OAuth callback...
2025-06-12 23:02:53,976 - ERROR - Failed to start stream: (insecure_transport) OAuth 2 MUST utilize https.
2025-06-12 23:02:53,977 - ERROR - Bot crashed: (insecure_transport) OAuth 2 MUST utilize https.. Restarting in 60 seconds...
2025-06-12 23:03:53,977 - INFO - Starting Twitter bot...
2025-06-12 23:03:53,977 - INFO - Opening authorization URL: https://twitter.com/i/oauth2/authorize?response_type=code&client_id=MDJFRFlJdjFDbWNGcFFpRHg1WFU6MTpjaQ&redirect_uri=https%3A%2F%2F0.0.0.0%3A3000%2Fauth%2Ftwitter%2Fcallback&scope=tweet.read+tweet.write+users.read+offline.access&state=ihifAWqXCzaM0XkAp9e3I9E9El0LlV&code_challenge=wIYVzO8_02lPHXOinAMUXujoZrySU7lKImqYHM47wu8&code_challenge_method=S256
2025-06-12 23:03:53,979 - INFO - Waiting for OAuth callback...
2025-06-12 23:04:05,617 - ERROR - Failed to start stream: (insecure_transport) OAuth 2 MUST utilize https.
2025-06-12 23:04:05,617 - ERROR - Bot crashed: (insecure_transport) OAuth 2 MUST utilize https.. Restarting in 60 seconds...
2025-06-12 23:05:05,618 - INFO - Starting Twitter bot...
2025-06-12 23:05:05,618 - INFO - Opening authorization URL: https://twitter.com/i/oauth2/authorize?response_type=code&client_id=MDJFRFlJdjFDbWNGcFFpRHg1WFU6MTpjaQ&redirect_uri=https%3A%2F%2F0.0.0.0%3A3000%2Fauth%2Ftwitter%2Fcallback&scope=tweet.read+tweet.write+users.read+offline.access&state=TFxlP7G8xDsMZYVUXfQR0RAcLEY1HE&code_challenge=LYbKr_NRUpdD5o2W_exe-6B-Rhiev_UgtgQqHDAmxeg&code_challenge_method=S256
2025-06-12 23:05:05,619 - INFO - Waiting for OAuth callback...
2025-06-12 23:05:44,509 - ERROR - Failed to start stream: (insecure_transport) OAuth 2 MUST utilize https.
2025-06-12 23:05:44,509 - ERROR - Bot crashed: (insecure_transport) OAuth 2 MUST utilize https.. Restarting in 60 seconds...
2025-06-12 23:06:44,509 - INFO - Starting Twitter bot...
2025-06-12 23:06:44,510 - INFO - Opening authorization URL: https://twitter.com/i/oauth2/authorize?response_type=code&client_id=MDJFRFlJdjFDbWNGcFFpRHg1WFU6MTpjaQ&redirect_uri=https%3A%2F%2F0.0.0.0%3A3000%2Fauth%2Ftwitter%2Fcallback&scope=tweet.read+tweet.write+users.read+offline.access&state=62TCQU2JS0uGNHsymqroQxw2cHytIA&code_challenge=pInwOhfyAOc0arJIFXwVuy3A5he6lkDeQeBv4WbyOpE&code_challenge_method=S256
2025-06-12 23:06:44,511 - INFO - Waiting for OAuth callback...
2025-06-12 23:07:00,935 - ERROR - Failed to start stream: (insecure_transport) OAuth 2 MUST utilize https.
2025-06-12 23:07:00,935 - ERROR - Bot crashed: (insecure_transport) OAuth 2 MUST utilize https.. Restarting in 60 seconds...
2025-06-12 23:07:16,339 - INFO - Twitter API v1.1 initialized successfully
2025-06-12 23:07:16,349 - INFO - Loaded trusted list from cache
2025-06-12 23:07:16,349 - INFO - Starting Twitter bot...
2025-06-12 23:07:16,350 - INFO - Opening authorization URL: https://twitter.com/i/oauth2/authorize?response_type=code&client_id=MDJFRFlJdjFDbWNGcFFpRHg1WFU6MTpjaQ&redirect_uri=https%3A%2F%2F0.0.0.0%3A3000%2Fauth%2Ftwitter%2Fcallback&scope=tweet.read+tweet.write+users.read+offline.access&state=oZvOdxrSOdkiEEzrfGSkCgwLF1sY8e&code_challenge=mZr5G8LhOepDoGaPopv2J6EMSIf8K2M7rSqFdBDMReM&code_challenge_method=S256
2025-06-12 23:07:16,353 - INFO - Waiting for OAuth callback...
2025-06-12 23:07:31,004 - ERROR - Failed to start stream: (insecure_transport) OAuth 2 MUST utilize https.
2025-06-12 23:07:31,004 - ERROR - Bot crashed: (insecure_transport) OAuth 2 MUST utilize https.. Restarting in 60 seconds...
2025-06-12 23:08:31,005 - INFO - Starting Twitter bot...
2025-06-12 23:08:31,005 - INFO - Opening authorization URL: https://twitter.com/i/oauth2/authorize?response_type=code&client_id=MDJFRFlJdjFDbWNGcFFpRHg1WFU6MTpjaQ&redirect_uri=https%3A%2F%2F0.0.0.0%3A3000%2Fauth%2Ftwitter%2Fcallback&scope=tweet.read+tweet.write+users.read+offline.access&state=eT5C1bOqfyMYdCypXGNNY3jL7Sn22S&code_challenge=j5A2tEVNmMrAVtd_xtYMPn0FNe62tr8APkZRaZ4qR0k&code_challenge_method=S256
2025-06-12 23:08:31,007 - INFO - Waiting for OAuth callback...
2025-06-12 23:08:41,848 - ERROR - Failed to start stream: (insecure_transport) OAuth 2 MUST utilize https.
2025-06-12 23:08:41,848 - ERROR - Bot crashed: (insecure_transport) OAuth 2 MUST utilize https.. Restarting in 60 seconds...
2025-06-12 23:09:41,849 - INFO - Starting Twitter bot...
2025-06-12 23:09:41,849 - INFO - Opening authorization URL: https://twitter.com/i/oauth2/authorize?response_type=code&client_id=MDJFRFlJdjFDbWNGcFFpRHg1WFU6MTpjaQ&redirect_uri=https%3A%2F%2F0.0.0.0%3A3000%2Fauth%2Ftwitter%2Fcallback&scope=tweet.read+tweet.write+users.read+offline.access&state=GCNCDf738ez17EHT91v6cd5EDd0AK1&code_challenge=WNpTquHD1Lfc7QAaDSxBLVUf7cUBetQgr6BMD7pfnQ8&code_challenge_method=S256
2025-06-12 23:09:41,851 - INFO - Waiting for OAuth callback...
2025-06-12 23:09:57,853 - ERROR - Failed to start stream: (insecure_transport) OAuth 2 MUST utilize https.
2025-06-12 23:09:57,853 - ERROR - Bot crashed: (insecure_transport) OAuth 2 MUST utilize https.. Restarting in 60 seconds...
2025-06-12 23:10:57,853 - INFO - Starting Twitter bot...
2025-06-12 23:10:57,854 - INFO - Opening authorization URL: https://twitter.com/i/oauth2/authorize?response_type=code&client_id=MDJFRFlJdjFDbWNGcFFpRHg1WFU6MTpjaQ&redirect_uri=https%3A%2F%2F0.0.0.0%3A3000%2Fauth%2Ftwitter%2Fcallback&scope=tweet.read+tweet.write+users.read+offline.access&state=r8BRXLuqoy3AuYtDUOludX3jc05GXR&code_challenge=iJOaiB6hzB0YprbosfX-JNsLYQd4OS39OX0hCYnuK3A&code_challenge_method=S256
2025-06-12 23:10:57,855 - INFO - Waiting for OAuth callback...
2025-06-12 23:11:26,017 - ERROR - Failed to start stream: (insecure_transport) OAuth 2 MUST utilize https.
2025-06-12 23:11:26,017 - ERROR - Bot crashed: (insecure_transport) OAuth 2 MUST utilize https.. Restarting in 60 seconds...
2025-06-12 23:12:26,017 - INFO - Starting Twitter bot...
2025-06-12 23:12:26,018 - INFO - Opening authorization URL: https://twitter.com/i/oauth2/authorize?response_type=code&client_id=MDJFRFlJdjFDbWNGcFFpRHg1WFU6MTpjaQ&redirect_uri=https%3A%2F%2F0.0.0.0%3A3000%2Fauth%2Ftwitter%2Fcallback&scope=tweet.read+tweet.write+users.read+offline.access&state=7NCm9fdm1y0HiFczEkjmrcXA0i29TP&code_challenge=y2Q8_sdaNcCQV5NEcBCA3OzZGcLLpMrpZoteKhFxZmE&code_challenge_method=S256
2025-06-12 23:12:26,020 - INFO - Waiting for OAuth callback...
2025-06-12 23:12:38,206 - ERROR - Failed to start stream: (insecure_transport) OAuth 2 MUST utilize https.
2025-06-12 23:12:38,206 - ERROR - Bot crashed: (insecure_transport) OAuth 2 MUST utilize https.. Restarting in 60 seconds...
2025-06-12 23:13:38,207 - INFO - Starting Twitter bot...
2025-06-12 23:13:38,207 - INFO - Opening authorization URL: https://twitter.com/i/oauth2/authorize?response_type=code&client_id=MDJFRFlJdjFDbWNGcFFpRHg1WFU6MTpjaQ&redirect_uri=https%3A%2F%2F0.0.0.0%3A3000%2Fauth%2Ftwitter%2Fcallback&scope=tweet.read+tweet.write+users.read+offline.access&state=IPVss72WpptAo1GzRgnjwyevOEd0LK&code_challenge=qGnRb9Pz9qCBLQfvKh9fAM4AQ-HByO_0iZBbia7r1Kg&code_challenge_method=S256
2025-06-12 23:13:38,208 - INFO - Waiting for OAuth callback...
2025-06-12 23:14:05,045 - ERROR - Failed to start stream: (insecure_transport) OAuth 2 MUST utilize https.
2025-06-12 23:14:05,045 - ERROR - Bot crashed: (insecure_transport) OAuth 2 MUST utilize https.. Restarting in 60 seconds...
2025-06-12 23:15:05,045 - INFO - Starting Twitter bot...
2025-06-12 23:15:05,046 - INFO - Opening authorization URL: https://twitter.com/i/oauth2/authorize?response_type=code&client_id=MDJFRFlJdjFDbWNGcFFpRHg1WFU6MTpjaQ&redirect_uri=https%3A%2F%2F0.0.0.0%3A3000%2Fauth%2Ftwitter%2Fcallback&scope=tweet.read+tweet.write+users.read+offline.access&state=XzRfInVSfaWhdQUwhscdsxJKRfTrkp&code_challenge=2eec_cyIcpIwhaN5NohGLSYG2F6FAiXL9RaI_LmUfx8&code_challenge_method=S256
2025-06-12 23:15:05,047 - INFO - Waiting for OAuth callback...
2025-06-12 23:15:32,314 - ERROR - Failed to start stream: (insecure_transport) OAuth 2 MUST utilize https.
2025-06-12 23:15:32,314 - ERROR - Bot crashed: (insecure_transport) OAuth 2 MUST utilize https.. Restarting in 60 seconds...
2025-06-12 23:16:32,314 - INFO - Starting Twitter bot...
2025-06-12 23:16:32,315 - INFO - Opening authorization URL: https://twitter.com/i/oauth2/authorize?response_type=code&client_id=MDJFRFlJdjFDbWNGcFFpRHg1WFU6MTpjaQ&redirect_uri=https%3A%2F%2F0.0.0.0%3A3000%2Fauth%2Ftwitter%2Fcallback&scope=tweet.read+tweet.write+users.read+offline.access&state=cUVMpAqAUnNu3HG4dg9JPzGp8XlRsp&code_challenge=DpNBWLaw22O2PKzk4QeQqUK1AlncX0yjDlkT8OFHAHQ&code_challenge_method=S256
2025-06-12 23:16:32,317 - INFO - Waiting for OAuth callback...
2025-06-12 23:16:53,614 - ERROR - Failed to start stream: (insecure_transport) OAuth 2 MUST utilize https.
2025-06-12 23:16:53,614 - ERROR - Bot crashed: (insecure_transport) OAuth 2 MUST utilize https.. Restarting in 60 seconds...
2025-06-12 23:21:21,775 - INFO - Twitter API v1.1 initialized successfully
2025-06-12 23:21:21,787 - INFO - Loaded trusted list from cache
2025-06-12 23:21:21,787 - INFO - Starting Twitter bot...
2025-06-12 23:21:21,788 - INFO - Opening authorization URL: https://twitter.com/i/oauth2/authorize?response_type=code&client_id=MDJFRFlJdjFDbWNGcFFpRHg1WFU6MTpjaQ&redirect_uri=https%3A%2F%2Fruggard.replit.app%2Fauth%2Ftwitter%2Fcallback&scope=tweet.read+tweet.write+users.read+offline.access&state=nSAHIVC8mWKl5C1ujjU7db2hx1IgDa&code_challenge=GEA2JPkuOtpYsi16T4550QmpC8P_Sl7zIiyzvby1b9M&code_challenge_method=S256
2025-06-12 23:21:21,865 - INFO - Waiting for OAuth callback...
2025-06-12 23:21:37,194 - ERROR - Failed to start stream: (insecure_transport) OAuth 2 MUST utilize https.
2025-06-12 23:21:37,194 - ERROR - Bot crashed: (insecure_transport) OAuth 2 MUST utilize https.. Restarting in 60 seconds...
2025-06-12 23:22:37,194 - INFO - Starting Twitter bot...
2025-06-12 23:22:37,195 - INFO - Opening authorization URL: https://twitter.com/i/oauth2/authorize?response_type=code&client_id=MDJFRFlJdjFDbWNGcFFpRHg1WFU6MTpjaQ&redirect_uri=https%3A%2F%2Fruggard.replit.app%2Fauth%2Ftwitter%2Fcallback&scope=tweet.read+tweet.write+users.read+offline.access&state=rvpnP5aKVcQqkTyiIK5eP8wTWAfVnE&code_challenge=Ibk0hk7Sc3sHCn2dwbgwcleUiUsg9JgEjGrdPQhbeU4&code_challenge_method=S256
2025-06-12 23:22:37,196 - INFO - Waiting for OAuth callback...
2025-06-12 23:22:57,548 - ERROR - Failed to start stream: (insecure_transport) OAuth 2 MUST utilize https.
2025-06-12 23:22:57,548 - ERROR - Bot crashed: (insecure_transport) OAuth 2 MUST utilize https.. Restarting in 60 seconds...
2025-06-12 23:23:57,548 - INFO - Starting Twitter bot...
2025-06-12 23:23:57,549 - INFO - Opening authorization URL: https://twitter.com/i/oauth2/authorize?response_type=code&client_id=MDJFRFlJdjFDbWNGcFFpRHg1WFU6MTpjaQ&redirect_uri=https%3A%2F%2Fruggard.replit.app%2Fauth%2Ftwitter%2Fcallback&scope=tweet.read+tweet.write+users.read+offline.access&state=GxRKYGZaw3rAFos22rFkYrFS3KAas9&code_challenge=j7CsCYjk0-VkUxyqlr-pnkZUfVgs1oEAfy3b5J0WwLw&code_challenge_method=S256
2025-06-12 23:23:57,551 - INFO - Waiting for OAuth callback...
2025-06-12 23:24:15,299 - ERROR - Failed to start stream: (insecure_transport) OAuth 2 MUST utilize https.
2025-06-12 23:24:15,299 - ERROR - Bot crashed: (insecure_transport) OAuth 2 MUST utilize https.. Restarting in 60 seconds...
2025-06-12 23:25:15,299 - INFO - Starting Twitter bot...
2025-06-12 23:25:15,300 - INFO - Opening authorization URL: https://twitter.com/i/oauth2/authorize?response_type=code&client_id=MDJFRFlJdjFDbWNGcFFpRHg1WFU6MTpjaQ&redirect_uri=https%3A%2F%2Fruggard.replit.app%2Fauth%2Ftwitter%2Fcallback&scope=tweet.read+tweet.write+users.read+offline.access&state=1zWelzXAwbyEttghBshLXZjjcOF1C3&code_challenge=X2c7rwXGeyLwfKlcmpyNpyB53yvwnGOMkWnyI19oYrs&code_challenge_method=S256
2025-06-12 23:25:15,301 - INFO - Waiting for OAuth callback...
2025-06-12 23:25:26,743 - ERROR - Failed to start stream: (insecure_transport) OAuth 2 MUST utilize https.
2025-06-12 23:25:26,744 - ERROR - Bot crashed: (insecure_transport) OAuth 2 MUST utilize https.. Restarting in 60 seconds...
2025-06-12 23:25:36,497 - INFO - Twitter API v1.1 initialized successfully
2025-06-12 23:25:36,507 - INFO - Loaded trusted list from cache
2025-06-12 23:25:36,507 - INFO - Starting Twitter bot...
2025-06-12 23:25:36,507 - INFO - Opening authorization URL: https://twitter.com/i/oauth2/authorize?response_type=code&client_id=MDJFRFlJdjFDbWNGcFFpRHg1WFU6MTpjaQ&redirect_uri=https%3A%2F%2Fruggard.replit.app%2Fauth%2Ftwitter%2Fcallback&scope=tweet.read+tweet.write+users.read+offline.access&state=IvwW8uzhL7iV1xRZfRAOMELcbc50WK&code_challenge=ibZqxND0zeTA3Pe2jn_cgxdBPmTZKp3xsk29QErnNKs&code_challenge_method=S256
2025-06-12 23:25:36,512 - INFO - Waiting for OAuth callback...
2025-06-12 23:25:50,399 - ERROR - Failed to receive OAuth callback
2025-06-12 23:25:50,399 - ERROR - Failed to start stream: OAuth 2.0 authentication failed
2025-06-12 23:25:50,399 - ERROR - Bot crashed: OAuth 2.0 authentication failed. Restarting in 60 seconds...
2025-06-12 23:26:50,399 - INFO - Starting Twitter bot...
2025-06-12 23:26:50,400 - INFO - Opening authorization URL: https://twitter.com/i/oauth2/authorize?response_type=code&client_id=MDJFRFlJdjFDbWNGcFFpRHg1WFU6MTpjaQ&redirect_uri=https%3A%2F%2Fruggard.replit.app%2Fauth%2Ftwitter%2Fcallback&scope=tweet.read+tweet.write+users.read+offline.access&state=I6sdsDkR8pevO4RlSVpKLULJnQHNws&code_challenge=tLt0ptDjZYqJImlypFhk-SoLR7jrDqX1KTwpcPzIZt4&code_challenge_method=S256
2025-06-12 23:26:50,401 - INFO - Waiting for OAuth callback...
2025-06-12 23:27:03,291 - ERROR - Failed to receive OAuth callback
2025-06-12 23:27:03,291 - ERROR - Failed to start stream: OAuth 2.0 authentication failed
2025-06-12 23:27:03,291 - ERROR - Bot crashed: OAuth 2.0 authentication failed. Restarting in 60 seconds...
2025-06-12 23:28:03,291 - INFO - Starting Twitter bot...
2025-06-12 23:28:03,292 - INFO - Opening authorization URL: https://twitter.com/i/oauth2/authorize?response_type=code&client_id=MDJFRFlJdjFDbWNGcFFpRHg1WFU6MTpjaQ&redirect_uri=https%3A%2F%2Fruggard.replit.app%2Fauth%2Ftwitter%2Fcallback&scope=tweet.read+tweet.write+users.read+offline.access&state=hN4LBQAraj6PPMtBp9Mmtqww6JynAf&code_challenge=q-TeSXzylyh9Nvtdj6Fb16yXtMIGkSwsAG0W4TDYsoE&code_challenge_method=S256
2025-06-12 23:28:03,293 - INFO - Waiting for OAuth callback...
2025-06-12 23:28:48,876 - ERROR - Failed to receive OAuth callback
2025-06-12 23:28:48,876 - ERROR - Failed to start stream: OAuth 2.0 authentication failed
2025-06-12 23:28:48,876 - ERROR - Bot crashed: OAuth 2.0 authentication failed. Restarting in 60 seconds...
2025-06-12 23:29:48,877 - INFO - Starting Twitter bot...
2025-06-12 23:29:48,877 - INFO - Opening authorization URL: https://twitter.com/i/oauth2/authorize?response_type=code&client_id=MDJFRFlJdjFDbWNGcFFpRHg1WFU6MTpjaQ&redirect_uri=https%3A%2F%2Fruggard.replit.app%2Fauth%2Ftwitter%2Fcallback&scope=tweet.read+tweet.write+users.read+offline.access&state=wOcotNLj8OnIJMqDXw3oDMNYcp8t3W&code_challenge=vWb1jl-iC6Gh8oUVa2e1AFJ6zpJKwuK62GSazoobu9o&code_challenge_method=S256
2025-06-12 23:29:48,879 - INFO - Waiting for OAuth callback...
2025-06-12 23:30:18,003 - ERROR - Failed to receive OAuth callback
2025-06-12 23:30:18,003 - ERROR - Failed to start stream: OAuth 2.0 authentication failed
2025-06-12 23:30:18,003 - ERROR - Bot crashed: OAuth 2.0 authentication failed. Restarting in 60 seconds...
2025-06-12 23:30:26,834 - INFO - Twitter API v1.1 initialized successfully
2025-06-12 23:30:26,845 - INFO - Loaded trusted list from cache
2025-06-12 23:30:26,845 - INFO - Starting Twitter bot...
2025-06-12 23:30:26,846 - INFO - Authorization URL generated: https://twitter.com/i/oauth2/authorize?response_type=code&client_id=MDJFRFlJdjFDbWNGcFFpRHg1WFU6MTpjaQ&redirect_uri=https%3A%2F%2Fruggard.replit.app%2Fauth%2Ftwitter%2Fcallback&scope=tweet.read+tweet.write+users.read+offline.access&state=9eh8lKcIxdGBfTeI7cviUGmrmwRrT8&code_challenge=pkCREJiFusMYVpfSUbxN_BNzvYNDPIKVe4j7azp6xu0&code_challenge_method=S256
2025-06-12 23:30:26,846 - INFO - Waiting for OAuth callback...
2025-06-12 23:31:50,486 - INFO - Received request for path: /
2025-06-12 23:31:50,486 - WARNING - Unexpected request path: /
2025-06-12 23:31:50,487 - ERROR - Failed to receive OAuth callback
2025-06-12 23:31:50,487 - ERROR - Failed to start stream: OAuth 2.0 authentication failed
2025-06-12 23:31:50,487 - ERROR - Bot crashed: OAuth 2.0 authentication failed. Restarting in 60 seconds...
2025-06-12 23:32:50,487 - INFO - Starting Twitter bot...
2025-06-12 23:32:50,488 - INFO - Authorization URL generated: https://twitter.com/i/oauth2/authorize?response_type=code&client_id=MDJFRFlJdjFDbWNGcFFpRHg1WFU6MTpjaQ&redirect_uri=https%3A%2F%2Fruggard.replit.app%2Fauth%2Ftwitter%2Fcallback&scope=tweet.read+tweet.write+users.read+offline.access&state=oxIUIxFaEOrfNwQKhaV4oInocsXhXA&code_challenge=7takkYZyfX0Cr1oH39v4Sd_DXalbgPXnO64VuBl5Ghw&code_challenge_method=S256
2025-06-12 23:32:50,488 - INFO - Waiting for OAuth callback...
2025-06-12 23:34:04,871 - INFO - Received request for path: /
2025-06-12 23:34:04,872 - WARNING - Unexpected request path: /
2025-06-12 23:34:04,872 - ERROR - Failed to receive OAuth callback
2025-06-12 23:34:04,872 - ERROR - Failed to start stream: OAuth 2.0 authentication failed
2025-06-12 23:34:04,872 - ERROR - Bot crashed: OAuth 2.0 authentication failed. Restarting in 60 seconds...
2025-06-12 23:50:00,430 - INFO - Twitter API v1.1 initialized successfully
2025-06-12 23:50:00,440 - INFO - Loaded trusted list from cache
2025-06-12 23:50:00,441 - INFO - Starting Twitter bot...
2025-06-12 23:50:00,441 - INFO - Authorization URL generated: https://twitter.com/i/oauth2/authorize?response_type=code&client_id=MDJFRFlJdjFDbWNGcFFpRHg1WFU6MTpjaQ&redirect_uri=https%3A%2F%2Fruggard.replit.app%2Fauth%2Ftwitter%2Fcallback&scope=tweet.read+tweet.write+users.read+offline.access&state=7Vtl6D4pi93FtlFmZB77eV3aIVXvAk&code_challenge=ck6txujqgXU792-46IPeaClJ1qXqOeqd0Z_TMSIZI8c&code_challenge_method=S256
2025-06-12 23:50:00,441 - INFO - Callback URL: https://ruggard.replit.app/auth/twitter/callback
2025-06-12 23:50:00,442 - INFO - Waiting for OAuth callback on port 5000...
2025-06-12 23:50:12,345 - INFO - Received request for path: /
2025-06-12 23:50:12,345 - WARNING - Unexpected request path: /
2025-06-12 23:50:12,346 - ERROR - Failed to receive OAuth callback
2025-06-12 23:50:12,346 - ERROR - Failed to start stream: OAuth 2.0 authentication failed
2025-06-12 23:50:12,346 - ERROR - Bot crashed: OAuth 2.0 authentication failed. Restarting in 60 seconds...
2025-06-12 23:51:12,346 - INFO - Starting Twitter bot...
2025-06-12 23:51:12,347 - INFO - Authorization URL generated: https://twitter.com/i/oauth2/authorize?response_type=code&client_id=MDJFRFlJdjFDbWNGcFFpRHg1WFU6MTpjaQ&redirect_uri=https%3A%2F%2Fruggard.replit.app%2Fauth%2Ftwitter%2Fcallback&scope=tweet.read+tweet.write+users.read+offline.access&state=oaSS7Xv3iQjgGlqK2vxs2NtjVArc4Z&code_challenge=Qd7t4SIIzmCgIw4yEswveR-dD9I1xIVqNWZQgIXMZos&code_challenge_method=S256
2025-06-12 23:51:12,347 - INFO - Callback URL: https://ruggard.replit.app/auth/twitter/callback
2025-06-12 23:51:12,347 - INFO - Waiting for OAuth callback on port 5000...
2025-06-12 23:51:22,370 - INFO - Received request for path: /
2025-06-12 23:51:22,370 - WARNING - Unexpected request path: /
2025-06-12 23:51:22,371 - ERROR - Failed to receive OAuth callback
2025-06-12 23:51:22,371 - ERROR - Failed to start stream: OAuth 2.0 authentication failed
2025-06-12 23:51:22,371 - ERROR - Bot crashed: OAuth 2.0 authentication failed. Restarting in 60 seconds...
2025-06-12 23:52:22,371 - INFO - Starting Twitter bot...
2025-06-12 23:52:22,372 - INFO - Authorization URL generated: https://twitter.com/i/oauth2/authorize?response_type=code&client_id=MDJFRFlJdjFDbWNGcFFpRHg1WFU6MTpjaQ&redirect_uri=https%3A%2F%2Fruggard.replit.app%2Fauth%2Ftwitter%2Fcallback&scope=tweet.read+tweet.write+users.read+offline.access&state=4Wm7G6sHwcKfXKmg8L6y071Ev1NiOi&code_challenge=M155_V_fRAYJLTPwt7NWmaxSUdo1Zyzt0VzZK0bVijI&code_challenge_method=S256
2025-06-12 23:52:22,372 - INFO - Callback URL: https://ruggard.replit.app/auth/twitter/callback
2025-06-12 23:52:22,373 - INFO - Waiting for OAuth callback on port 5000...
2025-06-12 23:52:35,677 - INFO - Received request for path: /
2025-06-12 23:52:35,677 - WARNING - Unexpected request path: /
2025-06-12 23:52:35,677 - ERROR - Failed to receive OAuth callback
2025-06-12 23:52:35,677 - ERROR - Failed to start stream: OAuth 2.0 authentication failed
2025-06-12 23:52:35,677 - ERROR - Bot crashed: OAuth 2.0 authentication failed. Restarting in 60 seconds...
2025-06-12 23:53:35,678 - INFO - Starting Twitter bot...
2025-06-12 23:53:35,678 - INFO - Authorization URL generated: https://twitter.com/i/oauth2/authorize?response_type=code&client_id=MDJFRFlJdjFDbWNGcFFpRHg1WFU6MTpjaQ&redirect_uri=https%3A%2F%2Fruggard.replit.app%2Fauth%2Ftwitter%2Fcallback&scope=tweet.read+tweet.write+users.read+offline.access&state=4ocrC2yNUOorrvxZawdoPr8aE82WO0&code_challenge=HS_p5pA6Cj0iIN80DnrYeqeC7pUvMYELpip4P6AB15A&code_challenge_method=S256
2025-06-12 23:53:35,678 - INFO - Callback URL: https://ruggard.replit.app/auth/twitter/callback
2025-06-12 23:53:35,679 - INFO - Waiting for OAuth callback on port 5000...
2025-06-12 23:53:50,096 - INFO - Received request for path: /
2025-06-12 23:53:50,096 - WARNING - Unexpected request path: /
2025-06-12 23:53:50,096 - ERROR - Failed to receive OAuth callback
2025-06-12 23:53:50,097 - ERROR - Failed to start stream: OAuth 2.0 authentication failed
2025-06-12 23:53:50,097 - ERROR - Bot crashed: OAuth 2.0 authentication failed. Restarting in 60 seconds...
2025-06-12 23:54:50,097 - INFO - Starting Twitter bot...
2025-06-12 23:54:50,097 - INFO - Authorization URL generated: https://twitter.com/i/oauth2/authorize?response_type=code&client_id=MDJFRFlJdjFDbWNGcFFpRHg1WFU6MTpjaQ&redirect_uri=https%3A%2F%2Fruggard.replit.app%2Fauth%2Ftwitter%2Fcallback&scope=tweet.read+tweet.write+users.read+offline.access&state=cHGq1zF3Iin9fZbSI2ugnIEazmF2q9&code_challenge=vy9qZAdD3OZ2ST0bVKOWvcRRHwKnRVC_PTPGWaTZrUU&code_challenge_method=S256
2025-06-12 23:54:50,098 - INFO - Callback URL: https://ruggard.replit.app/auth/twitter/callback
2025-06-12 23:54:50,098 - INFO - Waiting for OAuth callback on port 5000...
2025-06-12 23:55:04,226 - INFO - Received request for path: /
2025-06-12 23:55:04,226 - WARNING - Unexpected request path: /
2025-06-12 23:55:04,226 - ERROR - Failed to receive OAuth callback
2025-06-12 23:55:04,226 - ERROR - Failed to start stream: OAuth 2.0 authentication failed
2025-06-12 23:55:04,226 - ERROR - Bot crashed: OAuth 2.0 authentication failed. Restarting in 60 seconds...
2025-06-12 23:56:04,227 - INFO - Starting Twitter bot...
2025-06-12 23:56:04,227 - INFO - Authorization URL generated: https://twitter.com/i/oauth2/authorize?response_type=code&client_id=MDJFRFlJdjFDbWNGcFFpRHg1WFU6MTpjaQ&redirect_uri=https%3A%2F%2Fruggard.replit.app%2Fauth%2Ftwitter%2Fcallback&scope=tweet.read+tweet.write+users.read+offline.access&state=Dq9Iu3V5c4LmmuFTu6zAueq6nlAdHE&code_challenge=t8FdImarfb5u1DzYA3s3MJ5Nb0O2iEny6HjxSFRGlaI&code_challenge_method=S256
2025-06-12 23:56:04,227 - INFO - Callback URL: https://ruggard.replit.app/auth/twitter/callback
2025-06-12 23:56:04,228 - INFO - Waiting for OAuth callback on port 5000...
2025-06-12 23:56:17,800 - INFO - Received request for path: /
2025-06-12 23:56:17,800 - WARNING - Unexpected request path: /
2025-06-12 23:56:17,800 - ERROR - Failed to receive OAuth callback
2025-06-12 23:56:17,800 - ERROR - Failed to start stream: OAuth 2.0 authentication failed
2025-06-12 23:56:17,801 - ERROR - Bot crashed: OAuth 2.0 authentication failed. Restarting in 60 seconds...
2025-06-13 00:04:11,178 - INFO - Twitter API v1.1 initialized successfully
2025-06-13 00:04:11,186 - INFO - Loaded trusted list from cache
2025-06-13 00:04:11,187 - INFO - Starting Twitter bot...
2025-06-13 00:04:11,187 - INFO - Authorization URL generated: https://twitter.com/i/oauth2/authorize?response_type=code&client_id=MDJFRFlJdjFDbWNGcFFpRHg1WFU6MTpjaQ&redirect_uri=https%3A%2F%2Fruggard.replit.app%2Fauth%2Ftwitter%2Fcallback&scope=tweet.read+tweet.write+users.read+offline.access&state=NH18lg98760mCVR6Mw1WhyS33gx64x&code_challenge=klrNhx4zvNtPeC02kfubbpz7CgqnN3OoeH-SptE0hPg&code_challenge_method=S256
2025-06-13 00:04:11,187 - INFO - Callback URL: https://ruggard.replit.app/auth/twitter/callback
2025-06-13 00:04:11,188 - INFO - Waiting for OAuth callback on port 5000...
2025-06-13 00:04:21,083 - INFO - Received request for path: /
2025-06-13 00:04:21,083 - INFO - OAuth callback received successfully
2025-06-13 00:04:21,084 - ERROR - Failed to start stream: (insecure_transport) OAuth 2 MUST utilize https.
2025-06-13 00:04:21,084 - ERROR - Bot crashed: (insecure_transport) OAuth 2 MUST utilize https.. Restarting in 60 seconds...
2025-06-13 00:05:21,084 - INFO - Starting Twitter bot...
2025-06-13 00:05:21,084 - INFO - Authorization URL generated: https://twitter.com/i/oauth2/authorize?response_type=code&client_id=MDJFRFlJdjFDbWNGcFFpRHg1WFU6MTpjaQ&redirect_uri=https%3A%2F%2Fruggard.replit.app%2Fauth%2Ftwitter%2Fcallback&scope=tweet.read+tweet.write+users.read+offline.access&state=h0Zw3PmCoQnhvUaNkgAgFwgKIUFH9Y&code_challenge=1VJc1qCZ9dQSsL6beiRyGGwSWBPDkE9ytCKNpuRjdKA&code_challenge_method=S256
2025-06-13 00:05:21,085 - INFO - Callback URL: https://ruggard.replit.app/auth/twitter/callback
2025-06-13 00:05:21,085 - INFO - Waiting for OAuth callback on port 5000...
2025-06-13 00:05:43,059 - INFO - Received request for path: /
2025-06-13 00:05:43,060 - INFO - OAuth callback received successfully
2025-06-13 00:05:43,060 - ERROR - Failed to start stream: (insecure_transport) OAuth 2 MUST utilize https.
2025-06-13 00:05:43,060 - ERROR - Bot crashed: (insecure_transport) OAuth 2 MUST utilize https.. Restarting in 60 seconds...
2025-06-13 00:07:08,880 - INFO - Twitter API v1.1 initialized successfully
2025-06-13 00:07:08,889 - INFO - Loaded trusted list from cache
2025-06-13 00:07:08,889 - INFO - Starting Twitter bot...
2025-06-13 00:07:08,889 - INFO - Authorization URL generated: https://twitter.com/i/oauth2/authorize?response_type=code&client_id=MDJFRFlJdjFDbWNGcFFpRHg1WFU6MTpjaQ&redirect_uri=https%3A%2F%2Fruggard.replit.app%2Fauth%2Ftwitter%2Fcallback&scope=tweet.read+tweet.write+users.read+offline.access&state=SKoxs98YhGEVTVkb9MIYwSDTaGdjgd&code_challenge=RZvv4ybYe6UOmm2o1PuhsZlu5hkaZkMayYPCVrNIJOA&code_challenge_method=S256
2025-06-13 00:07:08,889 - INFO - Callback URL: https://ruggard.replit.app/auth/twitter/callback
2025-06-13 00:07:08,890 - INFO - Waiting for OAuth callback on port 5000...
2025-06-13 00:19:52,525 - INFO - Twitter API v1.1 initialized successfully
2025-06-13 00:19:52,533 - INFO - Loaded trusted list from cache
2025-06-13 00:19:52,534 - INFO - Starting Twitter bot...
2025-06-13 00:19:52,534 - INFO - OAuth 2.0 authorization URL generated with PKCE: https://twitter.com/i/oauth2/authorize?response_type=code&client_id=MDJFRFlJdjFDbWNGcFFpRHg1WFU6MTpjaQ&redirect_uri=https%3A%2F%2Fruggard.replit.app%2Fauth%2Ftwitter%2Fcallback&scope=tweet.read+tweet.write+users.read+offline.access&state=fmDekyvgUWQWcsPCU9oa8RJBJtsGSm&code_challenge=wz_p-jzstVUclAeydbGD33ty3sen46Y2vzk7HXZJ-FE&code_challenge_method=S256
2025-06-13 00:19:52,534 - INFO - Callback URL: https://ruggard.replit.app/auth/twitter/callback
2025-06-13 00:19:52,535 - INFO - Waiting for OAuth 2.0 callback on port 5000...
2025-06-13 00:20:05,867 - INFO - OAuth callback received for path: /
2025-06-13 00:20:05,867 - WARNING - Unexpected request path: /
2025-06-13 00:20:05,868 - ERROR - Failed to receive OAuth callback
2025-06-13 00:20:05,868 - ERROR - Failed to start stream: OAuth 2.0 authentication failed
2025-06-13 00:20:05,868 - ERROR - Bot crashed: OAuth 2.0 authentication failed. Restarting in 60 seconds...
2025-06-13 00:21:05,868 - INFO - Starting Twitter bot...
2025-06-13 00:21:05,869 - INFO - OAuth 2.0 authorization URL generated with PKCE: https://twitter.com/i/oauth2/authorize?response_type=code&client_id=MDJFRFlJdjFDbWNGcFFpRHg1WFU6MTpjaQ&redirect_uri=https%3A%2F%2Fruggard.replit.app%2Fauth%2Ftwitter%2Fcallback&scope=tweet.read+tweet.write+users.read+offline.access&state=agULBGRmF68gxEo5EIYTZuprbs5KJt&code_challenge=OpS5FZ0UrbQu1S6hS2p4bN7wWswHimylauYXkO2V4Jc&code_challenge_method=S256
2025-06-13 00:21:05,869 - INFO - Callback URL: https://ruggard.replit.app/auth/twitter/callback
2025-06-13 00:21:05,870 - INFO - Waiting for OAuth 2.0 callback on port 5000...
2025-06-13 00:21:16,094 - INFO - OAuth callback received for path: /
2025-06-13 00:21:16,095 - WARNING - Unexpected request path: /
2025-06-13 00:21:16,095 - ERROR - Failed to receive OAuth callback
2025-06-13 00:21:16,095 - ERROR - Failed to start stream: OAuth 2.0 authentication failed
2025-06-13 00:21:16,095 - ERROR - Bot crashed: OAuth 2.0 authentication failed. Restarting in 60 seconds...
2025-06-13 00:22:16,095 - INFO - Starting Twitter bot...
2025-06-13 00:22:16,096 - INFO - OAuth 2.0 authorization URL generated with PKCE: https://twitter.com/i/oauth2/authorize?response_type=code&client_id=MDJFRFlJdjFDbWNGcFFpRHg1WFU6MTpjaQ&redirect_uri=https%3A%2F%2Fruggard.replit.app%2Fauth%2Ftwitter%2Fcallback&scope=tweet.read+tweet.write+users.read+offline.access&state=0HS6h4qh3GO4dfPYKYCai9FYnSU6yK&code_challenge=VKl2sOez0c8JMLaHHR3Nj0tdbqffzf-rZy9j-cjeC8I&code_challenge_method=S256
2025-06-13 00:22:16,096 - INFO - Callback URL: https://ruggard.replit.app/auth/twitter/callback
2025-06-13 00:22:16,097 - INFO - Waiting for OAuth 2.0 callback on port 5000...
2025-06-13 00:22:25,904 - INFO - OAuth callback received for path: /
2025-06-13 00:22:25,905 - WARNING - Unexpected request path: /
2025-06-13 00:22:25,905 - ERROR - Failed to receive OAuth callback
2025-06-13 00:22:25,905 - ERROR - Failed to start stream: OAuth 2.0 authentication failed
2025-06-13 00:22:25,905 - ERROR - Bot crashed: OAuth 2.0 authentication failed. Restarting in 60 seconds...
2025-06-13 00:24:07,255 - INFO - Twitter API v1.1 initialized successfully
2025-06-13 00:24:07,264 - INFO - Loaded trusted list from cache
2025-06-13 00:24:07,264 - INFO - Web UI started on port 8080
2025-06-13 00:24:07,265 - INFO - Starting Twitter bot...
2025-06-13 00:24:07,267 - INFO - OAuth 2.0 authorization URL generated with PKCE: https://twitter.com/i/oauth2/authorize?response_type=code&client_id=MDJFRFlJdjFDbWNGcFFpRHg1WFU6MTpjaQ&redirect_uri=https%3A%2F%2Fruggard.replit.app%2Fauth%2Ftwitter%2Fcallback&scope=tweet.read+tweet.write+users.read+offline.access&state=VrGVzVkx4gnp5UhEt0x2uh6JqnugZY&code_challenge=ecrJjo8Caa7dPqhKB4vodO0PEOnyHPmyYAsjT6KABjg&code_challenge_method=S256
2025-06-13 00:24:07,267 - INFO - Callback URL: https://ruggard.replit.app/auth/twitter/callback
2025-06-13 00:24:07,268 - INFO - Waiting for OAuth 2.0 callback on port 5000...
2025-06-13 00:24:07,274 - INFO - [31m[1mWARNING: This is a development server. Do not use it in a production deployment. Use a production WSGI server instead.[0m
 * Running on all addresses (0.0.0.0)
 * Running on http://127.0.0.1:8080
 * Running on http://172.31.128.4:8080
2025-06-13 00:24:07,274 - INFO - [33mPress CTRL+C to quit[0m
2025-06-13 00:24:17,323 - INFO - OAuth callback received for path: /
2025-06-13 00:24:17,323 - WARNING - Unexpected request path: /
2025-06-13 00:24:17,324 - ERROR - Failed to receive OAuth callback
2025-06-13 00:24:17,324 - ERROR - Failed to start stream: OAuth 2.0 authentication failed
2025-06-13 00:24:17,324 - ERROR - Bot crashed: OAuth 2.0 authentication failed. Restarting in 60 seconds...
2025-06-13 00:24:17,515 - INFO - 172.31.128.4 - - [13/Jun/2025 00:24:17] "GET / HTTP/1.1" 200 -
2025-06-13 00:24:25,860 - INFO - 172.31.128.4 - - [13/Jun/2025 00:24:25] "GET / HTTP/1.1" 200 -
2025-06-13 00:24:25,948 - INFO - 172.31.128.4 - - [13/Jun/2025 00:24:25] "GET /api/status HTTP/1.1" 200 -
2025-06-13 00:24:26,460 - INFO - 172.31.128.4 - - [13/Jun/2025 00:24:26] "GET /api/logs HTTP/1.1" 200 -
2025-06-13 00:24:29,905 - INFO - 172.31.128.4 - - [13/Jun/2025 00:24:29] "GET /api/status HTTP/1.1" 200 -
2025-06-13 00:24:29,908 - INFO - 172.31.128.4 - - [13/Jun/2025 00:24:29] "GET /api/logs HTTP/1.1" 200 -
2025-06-13 00:24:31,957 - INFO - 172.31.128.4 - - [13/Jun/2025 00:24:31] "GET /api/status HTTP/1.1" 200 -
2025-06-13 00:24:34,959 - INFO - 172.31.128.4 - - [13/Jun/2025 00:24:34] "GET /api/status HTTP/1.1" 200 -
2025-06-13 00:24:35,962 - INFO - 172.31.128.4 - - [13/Jun/2025 00:24:35] "GET /api/logs HTTP/1.1" 200 -
2025-06-13 00:24:35,966 - INFO - 172.31.128.4 - - [13/Jun/2025 00:24:35] "GET /api/status HTTP/1.1" 200 -
2025-06-13 00:24:39,896 - INFO - 172.31.128.4 - - [13/Jun/2025 00:24:39] "GET /api/status HTTP/1.1" 200 -
2025-06-13 00:24:39,900 - INFO - 172.31.128.4 - - [13/Jun/2025 00:24:39] "GET /api/logs HTTP/1.1" 200 -
2025-06-13 00:24:40,949 - INFO - 172.31.128.4 - - [13/Jun/2025 00:24:40] "GET /api/status HTTP/1.1" 200 -
2025-06-13 00:24:45,012 - INFO - 172.31.128.4 - - [13/Jun/2025 00:24:45] "GET /api/status HTTP/1.1" 200 -
2025-06-13 00:24:45,919 - INFO - 172.31.128.4 - - [13/Jun/2025 00:24:45] "GET /api/logs HTTP/1.1" 200 -
2025-06-13 00:24:45,922 - INFO - 172.31.128.4 - - [13/Jun/2025 00:24:45] "GET /api/status HTTP/1.1" 200 -
2025-06-13 00:24:49,893 - INFO - 172.31.128.4 - - [13/Jun/2025 00:24:49] "GET /api/logs HTTP/1.1" 200 -
2025-06-13 00:24:49,894 - INFO - 172.31.128.4 - - [13/Jun/2025 00:24:49] "GET /api/status HTTP/1.1" 200 -
2025-06-13 00:24:50,917 - INFO - 172.31.128.4 - - [13/Jun/2025 00:24:50] "GET /api/status HTTP/1.1" 200 -
2025-06-13 00:24:54,901 - INFO - 172.31.128.4 - - [13/Jun/2025 00:24:54] "GET /api/status HTTP/1.1" 200 -
2025-06-13 00:24:55,901 - INFO - 172.31.128.4 - - [13/Jun/2025 00:24:55] "GET /api/logs HTTP/1.1" 200 -
2025-06-13 00:24:55,902 - INFO - 172.31.128.4 - - [13/Jun/2025 00:24:55] "GET /api/status HTTP/1.1" 200 -
2025-06-13 00:24:59,917 - INFO - 172.31.128.4 - - [13/Jun/2025 00:24:59] "GET /api/status HTTP/1.1" 200 -
2025-06-13 00:24:59,927 - INFO - 172.31.128.4 - - [13/Jun/2025 00:24:59] "GET /api/logs HTTP/1.1" 200 -
2025-06-13 00:25:00,917 - INFO - 172.31.128.4 - - [13/Jun/2025 00:25:00] "GET /api/status HTTP/1.1" 200 -
2025-06-13 00:25:04,899 - INFO - 172.31.128.4 - - [13/Jun/2025 00:25:04] "GET /api/status HTTP/1.1" 200 -
2025-06-13 00:25:05,905 - INFO - 172.31.128.4 - - [13/Jun/2025 00:25:05] "GET /api/logs HTTP/1.1" 200 -
2025-06-13 00:25:05,908 - INFO - 172.31.128.4 - - [13/Jun/2025 00:25:05] "GET /api/status HTTP/1.1" 200 -
2025-06-13 00:25:09,962 - INFO - 172.31.128.4 - - [13/Jun/2025 00:25:09] "GET /api/logs HTTP/1.1" 200 -
2025-06-13 00:25:09,965 - INFO - 172.31.128.4 - - [13/Jun/2025 00:25:09] "GET /api/status HTTP/1.1" 200 -
2025-06-13 00:25:10,890 - INFO - 172.31.128.4 - - [13/Jun/2025 00:25:10] "GET /api/status HTTP/1.1" 200 -
2025-06-13 00:25:15,092 - INFO - 172.31.128.4 - - [13/Jun/2025 00:25:15] "GET /api/status HTTP/1.1" 200 -
2025-06-13 00:25:15,907 - INFO - 172.31.128.4 - - [13/Jun/2025 00:25:15] "GET /api/logs HTTP/1.1" 200 -
2025-06-13 00:25:15,918 - INFO - 172.31.128.4 - - [13/Jun/2025 00:25:15] "GET /api/status HTTP/1.1" 200 -
2025-06-13 00:25:17,324 - INFO - Starting Twitter bot...
2025-06-13 00:25:17,325 - INFO - OAuth 2.0 authorization URL generated with PKCE: https://twitter.com/i/oauth2/authorize?response_type=code&client_id=MDJFRFlJdjFDbWNGcFFpRHg1WFU6MTpjaQ&redirect_uri=https%3A%2F%2Fruggard.replit.app%2Fauth%2Ftwitter%2Fcallback&scope=tweet.read+tweet.write+users.read+offline.access&state=oxBbuA0YxL5P5kQmbGsPIgB2AnyEyG&code_challenge=5owv5t_6tUhF1v-JVToRgmyvJjr0FAM8dJWn-e8SAvQ&code_challenge_method=S256
2025-06-13 00:25:17,325 - INFO - Callback URL: https://ruggard.replit.app/auth/twitter/callback
2025-06-13 00:25:17,326 - INFO - Waiting for OAuth 2.0 callback on port 5000...
2025-06-13 00:25:20,056 - INFO - OAuth callback received for path: /
2025-06-13 00:25:20,057 - WARNING - Unexpected request path: /
2025-06-13 00:25:20,057 - ERROR - Failed to receive OAuth callback
2025-06-13 00:25:20,057 - ERROR - Failed to start stream: OAuth 2.0 authentication failed
2025-06-13 00:25:20,057 - ERROR - Bot crashed: OAuth 2.0 authentication failed. Restarting in 60 seconds...
2025-06-13 00:25:22,424 - INFO - 172.31.128.4 - - [13/Jun/2025 00:25:22] "GET /api/status HTTP/1.1" 200 -
2025-06-13 00:25:27,427 - INFO - 172.31.128.4 - - [13/Jun/2025 00:25:27] "GET /api/logs HTTP/1.1" 200 -
2025-06-13 00:25:27,430 - INFO - 172.31.128.4 - - [13/Jun/2025 00:25:27] "GET /api/status HTTP/1.1" 200 -
2025-06-13 00:25:27,679 - INFO - 172.31.128.4 - - [13/Jun/2025 00:25:27] "GET / HTTP/1.1" 200 -
2025-06-13 00:25:30,076 - INFO - 172.31.128.4 - - [13/Jun/2025 00:25:30] "GET /api/status HTTP/1.1" 200 -
2025-06-13 00:25:30,079 - INFO - 172.31.128.4 - - [13/Jun/2025 00:25:30] "GET /api/logs HTTP/1.1" 200 -
2025-06-13 00:25:31,030 - INFO - 172.31.128.4 - - [13/Jun/2025 00:25:31] "GET /api/status HTTP/1.1" 200 -
2025-06-13 00:25:35,099 - INFO - 172.31.128.4 - - [13/Jun/2025 00:25:35] "GET /api/status HTTP/1.1" 200 -
2025-06-13 00:25:35,909 - INFO - 172.31.128.4 - - [13/Jun/2025 00:25:35] "GET /api/status HTTP/1.1" 200 -
2025-06-13 00:25:35,914 - INFO - 172.31.128.4 - - [13/Jun/2025 00:25:35] "GET /api/logs HTTP/1.1" 200 -
2025-06-13 00:25:40,094 - INFO - 172.31.128.4 - - [13/Jun/2025 00:25:40] "GET /api/status HTTP/1.1" 200 -
2025-06-13 00:25:40,099 - INFO - 172.31.128.4 - - [13/Jun/2025 00:25:40] "GET /api/logs HTTP/1.1" 200 -
2025-06-13 00:25:40,887 - INFO - 172.31.128.4 - - [13/Jun/2025 00:25:40] "GET /api/status HTTP/1.1" 200 -
2025-06-13 00:25:45,100 - INFO - 172.31.128.4 - - [13/Jun/2025 00:25:45] "GET /api/status HTTP/1.1" 200 -
2025-06-13 00:25:45,908 - INFO - 172.31.128.4 - - [13/Jun/2025 00:25:45] "GET /api/logs HTTP/1.1" 200 -
2025-06-13 00:25:45,910 - INFO - 172.31.128.4 - - [13/Jun/2025 00:25:45] "GET /api/status HTTP/1.1" 200 -
2025-06-13 00:25:50,108 - INFO - 172.31.128.4 - - [13/Jun/2025 00:25:50] "GET /api/status HTTP/1.1" 200 -
2025-06-13 00:25:50,116 - INFO - 172.31.128.4 - - [13/Jun/2025 00:25:50] "GET /api/logs HTTP/1.1" 200 -
2025-06-13 00:25:50,939 - INFO - 172.31.128.4 - - [13/Jun/2025 00:25:50] "GET /api/status HTTP/1.1" 200 -
2025-06-13 00:25:55,106 - INFO - 172.31.128.4 - - [13/Jun/2025 00:25:55] "GET /api/status HTTP/1.1" 200 -
2025-06-13 00:25:55,917 - INFO - 172.31.128.4 - - [13/Jun/2025 00:25:55] "GET /api/status HTTP/1.1" 200 -
2025-06-13 00:25:55,920 - INFO - 172.31.128.4 - - [13/Jun/2025 00:25:55] "GET /api/logs HTTP/1.1" 200 -
2025-06-13 00:26:00,099 - INFO - 172.31.128.4 - - [13/Jun/2025 00:26:00] "GET /api/logs HTTP/1.1" 200 -
2025-06-13 00:26:00,100 - INFO - 172.31.128.4 - - [13/Jun/2025 00:26:00] "GET /api/status HTTP/1.1" 200 -
2025-06-13 00:26:00,909 - INFO - 172.31.128.4 - - [13/Jun/2025 00:26:00] "GET /api/status HTTP/1.1" 200 -
2025-06-13 00:26:05,099 - INFO - 172.31.128.4 - - [13/Jun/2025 00:26:05] "GET /api/status HTTP/1.1" 200 -
2025-06-13 00:26:05,985 - INFO - 172.31.128.4 - - [13/Jun/2025 00:26:05] "GET /api/logs HTTP/1.1" 200 -
2025-06-13 00:26:05,988 - INFO - 172.31.128.4 - - [13/Jun/2025 00:26:05] "GET /api/status HTTP/1.1" 200 -
2025-06-13 00:26:10,097 - INFO - 172.31.128.4 - - [13/Jun/2025 00:26:10] "GET /api/logs HTTP/1.1" 200 -
2025-06-13 00:26:10,099 - INFO - 172.31.128.4 - - [13/Jun/2025 00:26:10] "GET /api/status HTTP/1.1" 200 -
2025-06-13 00:26:10,897 - INFO - 172.31.128.4 - - [13/Jun/2025 00:26:10] "GET /api/status HTTP/1.1" 200 -
2025-06-13 00:26:15,114 - INFO - 172.31.128.4 - - [13/Jun/2025 00:26:15] "GET /api/status HTTP/1.1" 200 -
2025-06-13 00:26:15,896 - INFO - 172.31.128.4 - - [13/Jun/2025 00:26:15] "GET /api/status HTTP/1.1" 200 -
2025-06-13 00:26:15,901 - INFO - 172.31.128.4 - - [13/Jun/2025 00:26:15] "GET /api/logs HTTP/1.1" 200 -
2025-06-13 00:26:20,058 - INFO - Starting Twitter bot...
2025-06-13 00:26:20,058 - INFO - OAuth 2.0 authorization URL generated with PKCE: https://twitter.com/i/oauth2/authorize?response_type=code&client_id=MDJFRFlJdjFDbWNGcFFpRHg1WFU6MTpjaQ&redirect_uri=https%3A%2F%2Fruggard.replit.app%2Fauth%2Ftwitter%2Fcallback&scope=tweet.read+tweet.write+users.read+offline.access&state=aOIfauVZUpzOb9jvjE9uxtcfPaLRzs&code_challenge=7IeCe0YuNxoDN_tRySV7xDVvi3qQkjbJT_izwDxX0Vg&code_challenge_method=S256
2025-06-13 00:26:20,058 - INFO - Callback URL: https://ruggard.replit.app/auth/twitter/callback
2025-06-13 00:26:20,059 - INFO - Waiting for OAuth 2.0 callback on port 5000...
2025-06-13 00:26:20,087 - INFO - 172.31.128.4 - - [13/Jun/2025 00:26:20] "GET /api/logs HTTP/1.1" 200 -
2025-06-13 00:26:20,090 - INFO - 172.31.128.4 - - [13/Jun/2025 00:26:20] "GET /api/status HTTP/1.1" 200 -
2025-06-13 00:26:20,901 - INFO - 172.31.128.4 - - [13/Jun/2025 00:26:20] "GET /api/status HTTP/1.1" 200 -
2025-06-13 00:26:23,675 - INFO - OAuth callback received for path: /
2025-06-13 00:26:23,675 - WARNING - Unexpected request path: /
2025-06-13 00:26:23,675 - ERROR - Failed to receive OAuth callback
2025-06-13 00:26:23,675 - ERROR - Failed to start stream: OAuth 2.0 authentication failed
2025-06-13 00:26:23,675 - ERROR - Bot crashed: OAuth 2.0 authentication failed. Restarting in 60 seconds...
2025-06-13 00:26:26,210 - INFO - 172.31.128.4 - - [13/Jun/2025 00:26:26] "GET /api/status HTTP/1.1" 200 -
2025-06-13 00:26:26,281 - INFO - 172.31.128.4 - - [13/Jun/2025 00:26:26] "GET /api/logs HTTP/1.1" 200 -
2025-06-13 00:26:29,916 - INFO - 172.31.128.4 - - [13/Jun/2025 00:26:29] "GET / HTTP/1.1" 200 -
2025-06-13 00:26:31,967 - INFO - 172.31.128.4 - - [13/Jun/2025 00:26:31] "GET /api/status HTTP/1.1" 200 -
2025-06-13 00:26:33,803 - INFO - 172.31.128.4 - - [13/Jun/2025 00:26:33] "GET /api/status HTTP/1.1" 200 -
2025-06-13 00:26:33,940 - INFO - 172.31.128.4 - - [13/Jun/2025 00:26:33] "GET /api/logs HTTP/1.1" 200 -
2025-06-13 00:26:37,410 - INFO - 172.31.128.4 - - [13/Jun/2025 00:26:37] "GET /api/logs HTTP/1.1" 200 -
2025-06-13 00:26:37,414 - INFO - 172.31.128.4 - - [13/Jun/2025 00:26:37] "GET /api/status HTTP/1.1" 200 -
2025-06-13 00:26:39,028 - INFO - 172.31.128.4 - - [13/Jun/2025 00:26:39] "GET /api/status HTTP/1.1" 200 -
2025-06-13 00:26:40,884 - INFO - 172.31.128.4 - - [13/Jun/2025 00:26:40] "GET /api/status HTTP/1.1" 200 -
2025-06-13 00:26:43,817 - INFO - 172.31.128.4 - - [13/Jun/2025 00:26:43] "GET /api/status HTTP/1.1" 200 -
2025-06-13 00:26:43,821 - INFO - 172.31.128.4 - - [13/Jun/2025 00:26:43] "GET /api/logs HTTP/1.1" 200 -
2025-06-13 00:26:45,904 - INFO - 172.31.128.4 - - [13/Jun/2025 00:26:45] "GET /api/logs HTTP/1.1" 200 -
2025-06-13 00:26:45,907 - INFO - 172.31.128.4 - - [13/Jun/2025 00:26:45] "GET /api/status HTTP/1.1" 200 -
2025-06-13 00:26:48,829 - INFO - 172.31.128.4 - - [13/Jun/2025 00:26:48] "GET /api/status HTTP/1.1" 200 -
2025-06-13 00:26:50,918 - INFO - 172.31.128.4 - - [13/Jun/2025 00:26:50] "GET /api/status HTTP/1.1" 200 -
2025-06-13 00:26:54,260 - INFO - 172.31.128.4 - - [13/Jun/2025 00:26:54] "GET /api/status HTTP/1.1" 200 -
2025-06-13 00:26:54,328 - INFO - 172.31.128.4 - - [13/Jun/2025 00:26:54] "GET /api/logs HTTP/1.1" 200 -
2025-06-13 00:27:02,045 - INFO - 172.31.128.4 - - [13/Jun/2025 00:27:02] "GET /api/status HTTP/1.1" 200 -
2025-06-13 00:27:02,049 - INFO - 172.31.128.4 - - [13/Jun/2025 00:27:02] "GET /api/logs HTTP/1.1" 200 -
2025-06-13 00:27:02,297 - INFO - 172.31.128.4 - - [13/Jun/2025 00:27:02] "GET /api/status HTTP/1.1" 200 -
2025-06-13 00:27:04,376 - INFO - 172.31.128.4 - - [13/Jun/2025 00:27:04] "GET /api/status HTTP/1.1" 200 -
2025-06-13 00:27:04,382 - INFO - 172.31.128.4 - - [13/Jun/2025 00:27:04] "GET /api/logs HTTP/1.1" 200 -
2025-06-13 00:27:06,176 - INFO - 172.31.128.4 - - [13/Jun/2025 00:27:06] "GET /api/logs HTTP/1.1" 200 -
2025-06-13 00:27:06,179 - INFO - 172.31.128.4 - - [13/Jun/2025 00:27:06] "GET /api/status HTTP/1.1" 200 -
2025-06-13 00:27:09,555 - INFO - 172.31.128.4 - - [13/Jun/2025 00:27:09] "GET /api/status HTTP/1.1" 200 -
2025-06-13 00:27:14,605 - INFO - 172.31.128.4 - - [13/Jun/2025 00:27:14] "GET /api/status HTTP/1.1" 200 -
2025-06-13 00:27:14,610 - INFO - 172.31.128.4 - - [13/Jun/2025 00:27:14] "GET /api/logs HTTP/1.1" 200 -
2025-06-13 00:27:14,865 - INFO - 172.31.128.4 - - [13/Jun/2025 00:27:14] "GET /api/status HTTP/1.1" 200 -
2025-06-13 00:27:23,676 - INFO - Starting Twitter bot...
2025-06-13 00:27:23,676 - INFO - OAuth 2.0 authorization URL generated with PKCE: https://twitter.com/i/oauth2/authorize?response_type=code&client_id=MDJFRFlJdjFDbWNGcFFpRHg1WFU6MTpjaQ&redirect_uri=https%3A%2F%2Fruggard.replit.app%2Fauth%2Ftwitter%2Fcallback&scope=tweet.read+tweet.write+users.read+offline.access&state=JhGM9K63ldTnn8ysAK8CSg9yhuougn&code_challenge=NG1SxjBtQfJKtw0PFp5EdoPP_F_M2j63fhmNDHQJ7S0&code_challenge_method=S256
2025-06-13 00:27:23,677 - INFO - Callback URL: https://ruggard.replit.app/auth/twitter/callback
2025-06-13 00:27:23,677 - INFO - Waiting for OAuth 2.0 callback on port 5000...
2025-06-13 00:27:23,878 - INFO - 172.31.128.4 - - [13/Jun/2025 00:27:23] "GET /api/logs HTTP/1.1" 200 -
2025-06-13 00:27:24,010 - INFO - 172.31.128.4 - - [13/Jun/2025 00:27:24] "GET /api/status HTTP/1.1" 200 -
2025-06-13 00:27:29,190 - INFO - 172.31.128.4 - - [13/Jun/2025 00:27:29] "GET /api/logs HTTP/1.1" 200 -
2025-06-13 00:27:29,192 - INFO - 172.31.128.4 - - [13/Jun/2025 00:27:29] "GET /api/status HTTP/1.1" 200 -
2025-06-13 00:27:29,898 - INFO - 172.31.128.4 - - [13/Jun/2025 00:27:29] "GET /api/status HTTP/1.1" 200 -
2025-06-13 00:27:29,901 - INFO - 172.31.128.4 - - [13/Jun/2025 00:27:29] "GET /api/logs HTTP/1.1" 200 -
2025-06-13 00:27:33,405 - INFO - 172.31.128.4 - - [13/Jun/2025 00:27:33] "GET /api/status HTTP/1.1" 200 -
2025-06-13 00:27:33,455 - INFO - OAuth callback received for path: /
2025-06-13 00:27:33,456 - WARNING - Unexpected request path: /
2025-06-13 00:27:33,456 - ERROR - Failed to receive OAuth callback
2025-06-13 00:27:33,456 - ERROR - Failed to start stream: OAuth 2.0 authentication failed
2025-06-13 00:27:33,456 - ERROR - Bot crashed: OAuth 2.0 authentication failed. Restarting in 60 seconds...
2025-06-13 00:27:36,857 - INFO - 172.31.128.4 - - [13/Jun/2025 00:27:36] "GET /api/logs HTTP/1.1" 200 -
2025-06-13 00:27:36,861 - INFO - 172.31.128.4 - - [13/Jun/2025 00:27:36] "GET /api/status HTTP/1.1" 200 -
2025-06-13 00:27:39,587 - INFO - 172.31.128.4 - - [13/Jun/2025 00:27:39] "GET / HTTP/1.1" 200 -
2025-06-13 00:27:41,380 - INFO - 172.31.128.4 - - [13/Jun/2025 00:27:41] "GET /api/status HTTP/1.1" 200 -
2025-06-13 00:27:41,589 - INFO - 172.31.128.4 - - [13/Jun/2025 00:27:41] "GET /api/logs HTTP/1.1" 200 -
2025-06-13 00:27:41,704 - INFO - 172.31.128.4 - - [13/Jun/2025 00:27:41] "GET /api/status HTTP/1.1" 200 -
2025-06-13 00:27:45,909 - INFO - 172.31.128.4 - - [13/Jun/2025 00:27:45] "GET /api/status HTTP/1.1" 200 -
2025-06-13 00:27:45,910 - INFO - 172.31.128.4 - - [13/Jun/2025 00:27:45] "GET /api/logs HTTP/1.1" 200 -
2025-06-13 00:27:46,676 - INFO - 172.31.128.4 - - [13/Jun/2025 00:27:46] "GET /api/status HTTP/1.1" 200 -
2025-06-13 00:27:51,046 - INFO - 172.31.128.4 - - [13/Jun/2025 00:27:51] "GET /api/status HTTP/1.1" 200 -
2025-06-13 00:27:51,587 - INFO - 172.31.128.4 - - [13/Jun/2025 00:27:51] "GET /api/status HTTP/1.1" 200 -
2025-06-13 00:27:51,590 - INFO - 172.31.128.4 - - [13/Jun/2025 00:27:51] "GET /api/logs HTTP/1.1" 200 -
2025-06-13 00:27:55,882 - INFO - 172.31.128.4 - - [13/Jun/2025 00:27:55] "GET /api/logs HTTP/1.1" 200 -
2025-06-13 00:27:55,884 - INFO - 172.31.128.4 - - [13/Jun/2025 00:27:55] "GET /api/status HTTP/1.1" 200 -
2025-06-13 00:27:56,581 - INFO - 172.31.128.4 - - [13/Jun/2025 00:27:56] "GET /api/status HTTP/1.1" 200 -
2025-06-13 00:28:00,917 - INFO - 172.31.128.4 - - [13/Jun/2025 00:28:00] "GET /api/status HTTP/1.1" 200 -
2025-06-13 00:28:01,592 - INFO - 172.31.128.4 - - [13/Jun/2025 00:28:01] "GET /api/status HTTP/1.1" 200 -
2025-06-13 00:28:01,593 - INFO - 172.31.128.4 - - [13/Jun/2025 00:28:01] "GET /api/logs HTTP/1.1" 200 -
2025-06-13 00:28:05,896 - INFO - 172.31.128.4 - - [13/Jun/2025 00:28:05] "GET /api/logs HTTP/1.1" 200 -
2025-06-13 00:28:05,898 - INFO - 172.31.128.4 - - [13/Jun/2025 00:28:05] "GET /api/status HTTP/1.1" 200 -
2025-06-13 00:28:06,597 - INFO - 172.31.128.4 - - [13/Jun/2025 00:28:06] "GET /api/status HTTP/1.1" 200 -
2025-06-13 00:28:10,891 - INFO - 172.31.128.4 - - [13/Jun/2025 00:28:10] "GET /api/status HTTP/1.1" 200 -
2025-06-13 00:28:11,587 - INFO - 172.31.128.4 - - [13/Jun/2025 00:28:11] "GET /api/logs HTTP/1.1" 200 -
2025-06-13 00:28:11,589 - INFO - 172.31.128.4 - - [13/Jun/2025 00:28:11] "GET /api/status HTTP/1.1" 200 -
2025-06-13 00:28:15,925 - INFO - 172.31.128.4 - - [13/Jun/2025 00:28:15] "GET /api/logs HTTP/1.1" 200 -
2025-06-13 00:28:15,927 - INFO - 172.31.128.4 - - [13/Jun/2025 00:28:15] "GET /api/status HTTP/1.1" 200 -
2025-06-13 00:28:16,604 - INFO - 172.31.128.4 - - [13/Jun/2025 00:28:16] "GET /api/status HTTP/1.1" 200 -
2025-06-13 00:28:20,916 - INFO - 172.31.128.4 - - [13/Jun/2025 00:28:20] "GET /api/status HTTP/1.1" 200 -
2025-06-13 00:28:21,586 - INFO - 172.31.128.4 - - [13/Jun/2025 00:28:21] "GET /api/logs HTTP/1.1" 200 -
2025-06-13 00:28:21,588 - INFO - 172.31.128.4 - - [13/Jun/2025 00:28:21] "GET /api/status HTTP/1.1" 200 -
2025-06-13 00:28:25,895 - INFO - 172.31.128.4 - - [13/Jun/2025 00:28:25] "GET /api/logs HTTP/1.1" 200 -
2025-06-13 00:28:25,898 - INFO - 172.31.128.4 - - [13/Jun/2025 00:28:25] "GET /api/status HTTP/1.1" 200 -
2025-06-13 00:28:26,615 - INFO - 172.31.128.4 - - [13/Jun/2025 00:28:26] "GET /api/status HTTP/1.1" 200 -
2025-06-13 00:28:31,246 - INFO - 172.31.128.4 - - [13/Jun/2025 00:28:31] "GET /api/status HTTP/1.1" 200 -
2025-06-13 00:28:32,169 - INFO - 172.31.128.4 - - [13/Jun/2025 00:28:32] "GET /api/status HTTP/1.1" 200 -
2025-06-13 00:28:32,194 - INFO - 172.31.128.4 - - [13/Jun/2025 00:28:32] "GET /api/logs HTTP/1.1" 200 -
2025-06-13 00:28:33,456 - INFO - Starting Twitter bot...
2025-06-13 00:28:33,457 - INFO - OAuth 2.0 authorization URL generated with PKCE: https://twitter.com/i/oauth2/authorize?response_type=code&client_id=MDJFRFlJdjFDbWNGcFFpRHg1WFU6MTpjaQ&redirect_uri=https%3A%2F%2Fruggard.replit.app%2Fauth%2Ftwitter%2Fcallback&scope=tweet.read+tweet.write+users.read+offline.access&state=Kq9WN2wAFNgJ71EB6wGrWJnc0qU03I&code_challenge=q0ZIB15Gzx2RWd9pP8dWy420yKLbbmjoH2LOSEnJ5RQ&code_challenge_method=S256
2025-06-13 00:28:33,457 - INFO - Callback URL: https://ruggard.replit.app/auth/twitter/callback
2025-06-13 00:28:33,458 - INFO - Waiting for OAuth 2.0 callback on port 5000...
2025-06-13 00:28:39,905 - INFO - OAuth callback received for path: /
2025-06-13 00:28:39,905 - WARNING - Unexpected request path: /
2025-06-13 00:28:39,906 - ERROR - Failed to receive OAuth callback
2025-06-13 00:28:39,906 - ERROR - Failed to start stream: OAuth 2.0 authentication failed
2025-06-13 00:28:39,906 - ERROR - Bot crashed: OAuth 2.0 authentication failed. Restarting in 60 seconds...
2025-06-13 00:28:49,562 - INFO - 172.31.128.4 - - [13/Jun/2025 00:28:49] "GET / HTTP/1.1" 200 -
2025-06-13 00:28:55,225 - INFO - 172.31.128.4 - - [13/Jun/2025 00:28:55] "GET /api/status HTTP/1.1" 200 -
2025-06-13 00:28:55,259 - INFO - 172.31.128.4 - - [13/Jun/2025 00:28:55] "GET /api/logs HTTP/1.1" 200 -
2025-06-13 00:29:34,414 - INFO - 172.31.128.4 - - [13/Jun/2025 00:29:34] "GET /api/status HTTP/1.1" 200 -
2025-06-13 00:29:34,416 - INFO - 172.31.128.4 - - [13/Jun/2025 00:29:34] "GET /api/logs HTTP/1.1" 200 -
2025-06-13 00:29:34,730 - INFO - 172.31.128.4 - - [13/Jun/2025 00:29:34] "GET /api/status HTTP/1.1" 200 -
2025-06-13 00:29:34,730 - INFO - 172.31.128.4 - - [13/Jun/2025 00:29:34] "GET /api/logs HTTP/1.1" 200 -
2025-06-13 00:29:35,234 - INFO - 172.31.128.4 - - [13/Jun/2025 00:29:35] "GET /api/status HTTP/1.1" 200 -
2025-06-13 00:29:35,236 - INFO - 172.31.128.4 - - [13/Jun/2025 00:29:35] "GET /api/logs HTTP/1.1" 200 -
2025-06-13 00:29:35,926 - INFO - 172.31.128.4 - - [13/Jun/2025 00:29:35] "GET /api/status HTTP/1.1" 200 -
2025-06-13 00:29:35,927 - INFO - 172.31.128.4 - - [13/Jun/2025 00:29:35] "GET /api/logs HTTP/1.1" 200 -
